<?xml version="1.0" encoding="UTF-8"?>
<!-- Generated by org.testng.reporters.JUnitReportReporter -->
<testsuite skipped="0" hostname="LAPTOP-0DUL1HQI" name="org.test.TestNg" tests="1" failures="0" timestamp="05 Mar 2022 11:08:40 GMT" time="0.005" errors="0">
  <testcase name="tc01" time="0.005" classname="org.test.TestNg"/>
</testsuite> <!-- org.test.TestNg -->
