<?xml version="1.0" encoding="UTF-8"?>
<!-- Generated by org.testng.reporters.JUnitReportReporter -->
<testsuite name="org.test.DataproviderDemo" tests="3" time="2.128" ignored="0" failures="0" timestamp="09 Mar 2022 05:52:14 GMT" skipped="0" hostname="LAPTOP-0DUL1HQI" errors="0">
  <testcase name="login" time="0.478" classname="org.test.DataproviderDemo"/>
  <testcase name="login" time="0.550" classname="org.test.DataproviderDemo"/>
  <testcase name="login" time="1.100" classname="org.test.DataproviderDemo"/>
</testsuite> <!-- org.test.DataproviderDemo -->
